<?xml version="1.0" encoding="UTF-8"?>
<!-- Generated by org.testng.reporters.JUnitXMLReporter -->
<testsuite hostname="ch23bl16-w12r2" ignored="0" name="Netbackup Test Cases Firefox" tests="14" failures="0" timestamp="04 Oct 2018 15:17:23 GMT" time="0.426" errors="0">
  <testcase name="@BeforeMethod SetUp" time="0.0" classname="veritas.netbackup.testcases.LoginPageTest">
    <failure type="java.lang.NullPointerException">
      <![CDATA[java.lang.NullPointerException
at veritas.netbackup.base.TestBase.initialization(TestBase.java:47)
at veritas.netbackup.testcases.LoginPageTest.SetUp(LoginPageTest.java:26)
at java.util.concurrent.FutureTask.run(Unknown Source)
at java.util.concurrent.ThreadPoolExecutor.runWorker(Unknown Source)
at java.util.concurrent.ThreadPoolExecutor$Worker.run(Unknown Source)
at java.lang.Thread.run(Unknown Source)
... Removed 19 stack frames]]>
    </failure>
  </testcase> <!-- @BeforeMethod SetUp -->
  <testcase name="@AfterMethod tearDown" time="0.0" classname="veritas.netbackup.testcases.LoginPageTest">
    <skipped/>
  </testcase> <!-- @AfterMethod tearDown -->
  <testcase name="@BeforeMethod SetUp" time="0.0" classname="veritas.netbackup.testcases.LoginPageTest">
    <skipped/>
  </testcase> <!-- @BeforeMethod SetUp -->
  <testcase name="@AfterMethod tearDown" time="0.0" classname="veritas.netbackup.testcases.LoginPageTest">
    <skipped/>
  </testcase> <!-- @AfterMethod tearDown -->
  <testcase name="@BeforeMethod SetUp" time="0.0" classname="veritas.netbackup.testcases.LoginPageTest">
    <skipped/>
  </testcase> <!-- @BeforeMethod SetUp -->
  <testcase name="@AfterMethod tearDown" time="0.0" classname="veritas.netbackup.testcases.LoginPageTest">
    <skipped/>
  </testcase> <!-- @AfterMethod tearDown -->
  <testcase name="@BeforeMethod SetUp" time="0.0" classname="veritas.netbackup.testcases.LoginPageTest">
    <skipped/>
  </testcase> <!-- @BeforeMethod SetUp -->
  <testcase name="@AfterMethod tearDown" time="0.0" classname="veritas.netbackup.testcases.LoginPageTest">
    <skipped/>
  </testcase> <!-- @AfterMethod tearDown -->
  <testcase name="@BeforeMethod SetUp" time="0.0" classname="veritas.netbackup.testcases.LoginPageTest">
    <skipped/>
  </testcase> <!-- @BeforeMethod SetUp -->
  <testcase name="@AfterMethod tearDown" time="0.0" classname="veritas.netbackup.testcases.LoginPageTest">
    <skipped/>
  </testcase> <!-- @AfterMethod tearDown -->
  <testcase name="@BeforeMethod SetUp" time="0.0" classname="veritas.netbackup.testcases.DashboardPageTest">
    <failure type="java.lang.NullPointerException">
      <![CDATA[java.lang.NullPointerException
at veritas.netbackup.base.TestBase.initialization(TestBase.java:47)
at veritas.netbackup.testcases.DashboardPageTest.SetUp(DashboardPageTest.java:30)
at java.util.concurrent.FutureTask.run(Unknown Source)
at java.util.concurrent.ThreadPoolExecutor.runWorker(Unknown Source)
at java.util.concurrent.ThreadPoolExecutor$Worker.run(Unknown Source)
at java.lang.Thread.run(Unknown Source)
... Removed 19 stack frames]]>
    </failure>
  </testcase> <!-- @BeforeMethod SetUp -->
  <testcase name="@AfterMethod tearDown" time="0.0" classname="veritas.netbackup.testcases.DashboardPageTest">
    <skipped/>
  </testcase> <!-- @AfterMethod tearDown -->
  <testcase name="@BeforeMethod SetUp" time="0.0" classname="veritas.netbackup.testcases.DashboardPageTest">
    <skipped/>
  </testcase> <!-- @BeforeMethod SetUp -->
  <testcase name="@AfterMethod tearDown" time="0.0" classname="veritas.netbackup.testcases.DashboardPageTest">
    <skipped/>
  </testcase> <!-- @AfterMethod tearDown -->
  <testcase name="@BeforeMethod SetUp" time="0.0" classname="veritas.netbackup.testcases.DashboardPageTest">
    <skipped/>
  </testcase> <!-- @BeforeMethod SetUp -->
  <testcase name="@AfterMethod tearDown" time="0.0" classname="veritas.netbackup.testcases.DashboardPageTest">
    <skipped/>
  </testcase> <!-- @AfterMethod tearDown -->
  <testcase name="@BeforeMethod SetUp" time="0.0" classname="veritas.netbackup.testcases.DashboardPageTest">
    <skipped/>
  </testcase> <!-- @BeforeMethod SetUp -->
  <testcase name="@AfterMethod tearDown" time="0.0" classname="veritas.netbackup.testcases.DashboardPageTest">
    <skipped/>
  </testcase> <!-- @AfterMethod tearDown -->
  <testcase name="@BeforeMethod SetUp" time="0.0" classname="veritas.netbackup.testcases.DashboardPageTest">
    <skipped/>
  </testcase> <!-- @BeforeMethod SetUp -->
  <testcase name="@AfterMethod tearDown" time="0.0" classname="veritas.netbackup.testcases.DashboardPageTest">
    <skipped/>
  </testcase> <!-- @AfterMethod tearDown -->
  <testcase name="@BeforeMethod SetUp" time="0.0" classname="veritas.netbackup.testcases.DashboardPageTest">
    <skipped/>
  </testcase> <!-- @BeforeMethod SetUp -->
  <testcase name="@AfterMethod tearDown" time="0.0" classname="veritas.netbackup.testcases.DashboardPageTest">
    <skipped/>
  </testcase> <!-- @AfterMethod tearDown -->
  <testcase name="@BeforeMethod SetUp" time="0.0" classname="veritas.netbackup.testcases.DashboardPageTest">
    <skipped/>
  </testcase> <!-- @BeforeMethod SetUp -->
  <testcase name="@AfterMethod tearDown" time="0.0" classname="veritas.netbackup.testcases.DashboardPageTest">
    <skipped/>
  </testcase> <!-- @AfterMethod tearDown -->
  <testcase name="@BeforeMethod SetUp" time="0.0" classname="veritas.netbackup.testcases.DashboardPageTest">
    <skipped/>
  </testcase> <!-- @BeforeMethod SetUp -->
  <testcase name="@AfterMethod tearDown" time="0.0" classname="veritas.netbackup.testcases.DashboardPageTest">
    <skipped/>
  </testcase> <!-- @AfterMethod tearDown -->
  <testcase name="@BeforeMethod SetUp" time="0.0" classname="veritas.netbackup.testcases.DashboardPageTest">
    <skipped/>
  </testcase> <!-- @BeforeMethod SetUp -->
  <testcase name="@AfterMethod tearDown" time="0.0" classname="veritas.netbackup.testcases.DashboardPageTest">
    <skipped/>
  </testcase> <!-- @AfterMethod tearDown -->
  <testcase name="NetbackupLogoTest" time="0.0" classname="veritas.netbackup.testcases.LoginPageTest">
    <skipped/>
  </testcase> <!-- NetbackupLogoTest -->
  <testcase name="NetbackupSubtitleTest" time="0.0" classname="veritas.netbackup.testcases.LoginPageTest">
    <skipped/>
  </testcase> <!-- NetbackupSubtitleTest -->
  <testcase name="NetbackupTitleTest" time="0.0" classname="veritas.netbackup.testcases.LoginPageTest">
    <skipped/>
  </testcase> <!-- NetbackupTitleTest -->
  <testcase name="loginPageTitleTest" time="0.0" classname="veritas.netbackup.testcases.LoginPageTest">
    <skipped/>
  </testcase> <!-- loginPageTitleTest -->
  <testcase name="loginTest" time="0.0" classname="veritas.netbackup.testcases.LoginPageTest">
    <skipped/>
  </testcase> <!-- loginTest -->
  <testcase name="VerifynameUserTest" time="0.0" classname="veritas.netbackup.testcases.DashboardPageTest">
    <skipped/>
  </testcase> <!-- VerifynameUserTest -->
  <testcase name="verifyCertificateBoxTest" time="0.0" classname="veritas.netbackup.testcases.DashboardPageTest">
    <skipped/>
  </testcase> <!-- verifyCertificateBoxTest -->
  <testcase name="verifyDateAndMonthTest" time="0.0" classname="veritas.netbackup.testcases.DashboardPageTest">
    <skipped/>
  </testcase> <!-- verifyDateAndMonthTest -->
  <testcase name="verifyDateTest" time="0.0" classname="veritas.netbackup.testcases.DashboardPageTest">
    <skipped/>
  </testcase> <!-- verifyDateTest -->
  <testcase name="verifyDayOfWeekTest" time="0.0" classname="veritas.netbackup.testcases.DashboardPageTest">
    <skipped/>
  </testcase> <!-- verifyDayOfWeekTest -->
  <testcase name="verifyHomePageTitleTest" time="0.0" classname="veritas.netbackup.testcases.DashboardPageTest">
    <skipped/>
  </testcase> <!-- verifyHomePageTitleTest -->
  <testcase name="verifyJobBoxTest" time="0.0" classname="veritas.netbackup.testcases.DashboardPageTest">
    <skipped/>
  </testcase> <!-- verifyJobBoxTest -->
  <testcase name="verifySmartmeterBoxTest" time="0.0" classname="veritas.netbackup.testcases.DashboardPageTest">
    <skipped/>
  </testcase> <!-- verifySmartmeterBoxTest -->
  <testcase name="verifyTokensBoxTest" time="0.0" classname="veritas.netbackup.testcases.DashboardPageTest">
    <skipped/>
  </testcase> <!-- verifyTokensBoxTest -->
</testsuite> <!-- Netbackup Test Cases Firefox -->
