<?xml version="1.0" encoding="UTF-8"?>
<!-- Generated by org.testng.reporters.JUnitXMLReporter -->
<testsuite hostname="ch23bl16-w12r2" ignored="0" name="Netbackup Test Cases" tests="14" failures="0" timestamp="04 Oct 2018 16:55:25 GMT" time="164.652" errors="0">
  <testcase name="NetbackupLogoTest" time="0.869" classname="veritas.netbackup.testcases.LoginPageTest"/>
  <testcase name="NetbackupSubtitleTest" time="0.158" classname="veritas.netbackup.testcases.LoginPageTest"/>
  <testcase name="NetbackupTitleTest" time="0.07" classname="veritas.netbackup.testcases.LoginPageTest"/>
  <testcase name="loginPageTitleTest" time="0.062" classname="veritas.netbackup.testcases.LoginPageTest"/>
  <testcase name="loginTest" time="1.146" classname="veritas.netbackup.testcases.LoginPageTest"/>
  <testcase name="VerifynameUserTest" time="0.534" classname="veritas.netbackup.testcases.DashboardPageTest"/>
  <testcase name="verifyCertificateBoxTest" time="1.551" classname="veritas.netbackup.testcases.DashboardPageTest"/>
  <testcase name="verifyDateAndMonthTest" time="2.921" classname="veritas.netbackup.testcases.DashboardPageTest"/>
  <testcase name="verifyDateTest" time="0.9" classname="veritas.netbackup.testcases.DashboardPageTest"/>
  <testcase name="verifyDayOfWeekTest" time="2.663" classname="veritas.netbackup.testcases.DashboardPageTest"/>
  <testcase name="verifyHomePageTitleTest" time="0.008" classname="veritas.netbackup.testcases.DashboardPageTest"/>
  <testcase name="verifyJobBoxTest" time="1.785" classname="veritas.netbackup.testcases.DashboardPageTest"/>
  <testcase name="verifySmartmeterBoxTest" time="3.63" classname="veritas.netbackup.testcases.DashboardPageTest"/>
  <testcase name="verifyTokensBoxTest" time="2.149" classname="veritas.netbackup.testcases.DashboardPageTest"/>
</testsuite> <!-- Netbackup Test Cases -->
