<?xml version="1.0" encoding="UTF-8"?>
<!-- Generated by org.testng.reporters.JUnitXMLReporter -->
<testsuite hostname="ch23bl16-w12r2" ignored="0" name="Netbackup Test Cases" tests="3" failures="0" timestamp="06 Sep 2018 17:54:50 GMT" time="49.744" errors="0">
  <testcase name="VMwareTest" time="2.77" classname="veritas.netbackup.testcases.HomePageTest"/>
  <testcase name="VerifynameUserTest" time="0.927" classname="veritas.netbackup.testcases.HomePageTest"/>
  <testcase name="verifyHomePageTitleTest" time="0.015" classname="veritas.netbackup.testcases.HomePageTest"/>
</testsuite> <!-- Netbackup Test Cases -->
