<?xml version="1.0" encoding="UTF-8"?>
<!-- Generated by org.testng.reporters.JUnitXMLReporter -->
<testsuite hostname="ch23bl16-w12r2" ignored="0" name="Default test" tests="9" failures="0" timestamp="04 Oct 2018 15:13:33 GMT" time="0.304" errors="0">
  <testcase name="@BeforeMethod SetUp" time="0.008" classname="veritas.netbackup.testcases.DashboardPageTest">
    <failure type="java.lang.NullPointerException">
      <![CDATA[java.lang.NullPointerException
at veritas.netbackup.base.TestBase.initialization(TestBase.java:47)
at veritas.netbackup.testcases.DashboardPageTest.SetUp(DashboardPageTest.java:30)
at sun.reflect.NativeMethodAccessorImpl.invoke0(Native Method)
at sun.reflect.NativeMethodAccessorImpl.invoke(Unknown Source)
at sun.reflect.DelegatingMethodAccessorImpl.invoke(Unknown Source)
at java.lang.reflect.Method.invoke(Unknown Source)
at org.testng.internal.MethodInvocationHelper.invokeMethod(MethodInvocationHelper.java:124)
at org.testng.internal.MethodInvocationHelper.invokeMethodConsideringTimeout(MethodInvocationHelper.java:59)
at org.testng.internal.Invoker.invokeConfigurationMethod(Invoker.java:455)
at org.testng.internal.Invoker.invokeConfigurations(Invoker.java:222)
at org.testng.internal.Invoker.invokeMethod(Invoker.java:520)
at org.testng.internal.Invoker.invokeTestMethod(Invoker.java:716)
at org.testng.internal.Invoker.invokeTestMethods(Invoker.java:988)
at org.testng.internal.TestMethodWorker.invokeTestMethods(TestMethodWorker.java:125)
at org.testng.internal.TestMethodWorker.run(TestMethodWorker.java:109)
at org.testng.TestRunner.privateRun(TestRunner.java:648)
at org.testng.TestRunner.run(TestRunner.java:505)
at org.testng.SuiteRunner.runTest(SuiteRunner.java:455)
at org.testng.SuiteRunner.runSequentially(SuiteRunner.java:450)
at org.testng.SuiteRunner.privateRun(SuiteRunner.java:415)
at org.testng.SuiteRunner.run(SuiteRunner.java:364)
at org.testng.SuiteRunnerWorker.runSuite(SuiteRunnerWorker.java:52)
at org.testng.SuiteRunnerWorker.run(SuiteRunnerWorker.java:84)
at org.testng.TestNG.runSuitesSequentially(TestNG.java:1208)
at org.testng.TestNG.runSuitesLocally(TestNG.java:1137)
at org.testng.TestNG.runSuites(TestNG.java:1049)
at org.testng.TestNG.run(TestNG.java:1017)
at org.testng.remote.AbstractRemoteTestNG.run(AbstractRemoteTestNG.java:114)
at org.testng.remote.RemoteTestNG.initAndRun(RemoteTestNG.java:251)
at org.testng.remote.RemoteTestNG.main(RemoteTestNG.java:77)
]]>
    </failure>
  </testcase> <!-- @BeforeMethod SetUp -->
  <testcase name="@AfterMethod tearDown" time="0.0" classname="veritas.netbackup.testcases.DashboardPageTest">
    <skipped/>
  </testcase> <!-- @AfterMethod tearDown -->
  <testcase name="@BeforeMethod SetUp" time="0.0" classname="veritas.netbackup.testcases.DashboardPageTest">
    <skipped/>
  </testcase> <!-- @BeforeMethod SetUp -->
  <testcase name="@AfterMethod tearDown" time="0.0" classname="veritas.netbackup.testcases.DashboardPageTest">
    <skipped/>
  </testcase> <!-- @AfterMethod tearDown -->
  <testcase name="@BeforeMethod SetUp" time="0.0" classname="veritas.netbackup.testcases.DashboardPageTest">
    <skipped/>
  </testcase> <!-- @BeforeMethod SetUp -->
  <testcase name="@AfterMethod tearDown" time="0.0" classname="veritas.netbackup.testcases.DashboardPageTest">
    <skipped/>
  </testcase> <!-- @AfterMethod tearDown -->
  <testcase name="@BeforeMethod SetUp" time="0.0" classname="veritas.netbackup.testcases.DashboardPageTest">
    <skipped/>
  </testcase> <!-- @BeforeMethod SetUp -->
  <testcase name="@AfterMethod tearDown" time="0.0" classname="veritas.netbackup.testcases.DashboardPageTest">
    <skipped/>
  </testcase> <!-- @AfterMethod tearDown -->
  <testcase name="@BeforeMethod SetUp" time="0.0" classname="veritas.netbackup.testcases.DashboardPageTest">
    <skipped/>
  </testcase> <!-- @BeforeMethod SetUp -->
  <testcase name="@AfterMethod tearDown" time="0.0" classname="veritas.netbackup.testcases.DashboardPageTest">
    <skipped/>
  </testcase> <!-- @AfterMethod tearDown -->
  <testcase name="@BeforeMethod SetUp" time="0.0" classname="veritas.netbackup.testcases.DashboardPageTest">
    <skipped/>
  </testcase> <!-- @BeforeMethod SetUp -->
  <testcase name="@AfterMethod tearDown" time="0.0" classname="veritas.netbackup.testcases.DashboardPageTest">
    <skipped/>
  </testcase> <!-- @AfterMethod tearDown -->
  <testcase name="@BeforeMethod SetUp" time="0.0" classname="veritas.netbackup.testcases.DashboardPageTest">
    <skipped/>
  </testcase> <!-- @BeforeMethod SetUp -->
  <testcase name="@AfterMethod tearDown" time="0.0" classname="veritas.netbackup.testcases.DashboardPageTest">
    <skipped/>
  </testcase> <!-- @AfterMethod tearDown -->
  <testcase name="@BeforeMethod SetUp" time="0.0" classname="veritas.netbackup.testcases.DashboardPageTest">
    <skipped/>
  </testcase> <!-- @BeforeMethod SetUp -->
  <testcase name="@AfterMethod tearDown" time="0.0" classname="veritas.netbackup.testcases.DashboardPageTest">
    <skipped/>
  </testcase> <!-- @AfterMethod tearDown -->
  <testcase name="@BeforeMethod SetUp" time="0.0" classname="veritas.netbackup.testcases.DashboardPageTest">
    <skipped/>
  </testcase> <!-- @BeforeMethod SetUp -->
  <testcase name="@AfterMethod tearDown" time="0.0" classname="veritas.netbackup.testcases.DashboardPageTest">
    <skipped/>
  </testcase> <!-- @AfterMethod tearDown -->
  <testcase name="VerifynameUserTest" time="0.0" classname="veritas.netbackup.testcases.DashboardPageTest">
    <skipped/>
  </testcase> <!-- VerifynameUserTest -->
  <testcase name="verifyCertificateBoxTest" time="0.0" classname="veritas.netbackup.testcases.DashboardPageTest">
    <skipped/>
  </testcase> <!-- verifyCertificateBoxTest -->
  <testcase name="verifyDateAndMonthTest" time="0.0" classname="veritas.netbackup.testcases.DashboardPageTest">
    <skipped/>
  </testcase> <!-- verifyDateAndMonthTest -->
  <testcase name="verifyDateTest" time="0.0" classname="veritas.netbackup.testcases.DashboardPageTest">
    <skipped/>
  </testcase> <!-- verifyDateTest -->
  <testcase name="verifyDayOfWeekTest" time="0.0" classname="veritas.netbackup.testcases.DashboardPageTest">
    <skipped/>
  </testcase> <!-- verifyDayOfWeekTest -->
  <testcase name="verifyHomePageTitleTest" time="0.0" classname="veritas.netbackup.testcases.DashboardPageTest">
    <skipped/>
  </testcase> <!-- verifyHomePageTitleTest -->
  <testcase name="verifyJobBoxTest" time="0.0" classname="veritas.netbackup.testcases.DashboardPageTest">
    <skipped/>
  </testcase> <!-- verifyJobBoxTest -->
  <testcase name="verifySmartmeterBoxTest" time="0.0" classname="veritas.netbackup.testcases.DashboardPageTest">
    <skipped/>
  </testcase> <!-- verifySmartmeterBoxTest -->
  <testcase name="verifyTokensBoxTest" time="0.0" classname="veritas.netbackup.testcases.DashboardPageTest">
    <skipped/>
  </testcase> <!-- verifyTokensBoxTest -->
</testsuite> <!-- Default test -->
