<?xml version="1.0" encoding="UTF-8"?>
<!-- Generated by org.testng.reporters.JUnitXMLReporter -->
<testsuite hostname="ch23bl16-w12r2" ignored="0" name="Default test" tests="3" failures="0" timestamp="06 Sep 2018 05:11:17 GMT" time="77.177" errors="0">
  <testcase name="VMwareTest" time="4.06" classname="veritas.netbackup.testcases.HomePageTest"/>
  <testcase name="VerifynameUserTest" time="1.183" classname="veritas.netbackup.testcases.HomePageTest"/>
  <testcase name="verifyHomePageTitleTest" time="0.012" classname="veritas.netbackup.testcases.HomePageTest"/>
</testsuite> <!-- Default test -->
