<?xml version="1.0" encoding="UTF-8"?>
<testng-results skipped="0" failed="0" ignored="0" total="3" passed="3">
  <reporter-output>
  </reporter-output>
  <suite name="Netbackup Application Test Automation Test Suite" duration-ms="49744" started-at="2018-09-06T17:54:00Z" finished-at="2018-09-06T17:54:50Z">
    <groups>
    </groups>
    <test name="Netbackup Test Cases" duration-ms="49744" started-at="2018-09-06T17:54:00Z" finished-at="2018-09-06T17:54:50Z">
      <class name="veritas.netbackup.testcases.HomePageTest">
        <test-method status="PASS" signature="SetUp()[pri:0, instance:veritas.netbackup.testcases.HomePageTest@7cbd213e]" name="SetUp" is-config="true" duration-ms="10197" started-at="2018-09-06T17:54:00Z" finished-at="2018-09-06T17:54:11Z">
          <reporter-output>
          </reporter-output>
        </test-method> <!-- SetUp -->
        <test-method status="PASS" signature="VMwareTest()[pri:0, instance:veritas.netbackup.testcases.HomePageTest@7cbd213e]" name="VMwareTest" duration-ms="2770" started-at="2018-09-06T17:54:11Z" finished-at="2018-09-06T17:54:13Z">
          <reporter-output>
          </reporter-output>
        </test-method> <!-- VMwareTest -->
        <test-method status="PASS" signature="tearDown()[pri:0, instance:veritas.netbackup.testcases.HomePageTest@7cbd213e]" name="tearDown" is-config="true" duration-ms="5570" started-at="2018-09-06T17:54:13Z" finished-at="2018-09-06T17:54:19Z">
          <reporter-output>
          </reporter-output>
        </test-method> <!-- tearDown -->
        <test-method status="PASS" signature="SetUp()[pri:0, instance:veritas.netbackup.testcases.HomePageTest@7cbd213e]" name="SetUp" is-config="true" duration-ms="9419" started-at="2018-09-06T17:54:19Z" finished-at="2018-09-06T17:54:28Z">
          <reporter-output>
          </reporter-output>
        </test-method> <!-- SetUp -->
        <test-method status="PASS" signature="VerifynameUserTest()[pri:0, instance:veritas.netbackup.testcases.HomePageTest@7cbd213e]" name="VerifynameUserTest" duration-ms="927" started-at="2018-09-06T17:54:28Z" finished-at="2018-09-06T17:54:29Z">
          <reporter-output>
          </reporter-output>
        </test-method> <!-- VerifynameUserTest -->
        <test-method status="PASS" signature="tearDown()[pri:0, instance:veritas.netbackup.testcases.HomePageTest@7cbd213e]" name="tearDown" is-config="true" duration-ms="7043" started-at="2018-09-06T17:54:29Z" finished-at="2018-09-06T17:54:36Z">
          <reporter-output>
          </reporter-output>
        </test-method> <!-- tearDown -->
        <test-method status="PASS" signature="SetUp()[pri:0, instance:veritas.netbackup.testcases.HomePageTest@7cbd213e]" name="SetUp" is-config="true" duration-ms="8398" started-at="2018-09-06T17:54:36Z" finished-at="2018-09-06T17:54:45Z">
          <reporter-output>
          </reporter-output>
        </test-method> <!-- SetUp -->
        <test-method status="PASS" signature="verifyHomePageTitleTest()[pri:0, instance:veritas.netbackup.testcases.HomePageTest@7cbd213e]" name="verifyHomePageTitleTest" duration-ms="15" started-at="2018-09-06T17:54:45Z" finished-at="2018-09-06T17:54:45Z">
          <reporter-output>
          </reporter-output>
        </test-method> <!-- verifyHomePageTitleTest -->
        <test-method status="PASS" signature="tearDown()[pri:0, instance:veritas.netbackup.testcases.HomePageTest@7cbd213e]" name="tearDown" is-config="true" duration-ms="5337" started-at="2018-09-06T17:54:45Z" finished-at="2018-09-06T17:54:50Z">
          <reporter-output>
          </reporter-output>
        </test-method> <!-- tearDown -->
      </class> <!-- veritas.netbackup.testcases.HomePageTest -->
    </test> <!-- Netbackup Test Cases -->
  </suite> <!-- Netbackup Application Test Automation Test Suite -->
</testng-results>
